Using pre-set license
Built from '2021.3/china_unity/release' branch; Version is '2021.3.9f1c1 (0fa35b602de1) revision 1024859'; Using compiler version '192829333'; Build Type 'Release'
OS: 'Windows 11  (10.0.22000) 64bit Core' Language: 'zh' Physical Memory: 16329 MB
BatchMode: 1, IsHumanControllingUs: 0, StartBugReporterOnCrash: 0, Is64bit: 1, IsPro: 1

COMMAND LINE ARGUMENTS:
F:\Unity 2022\2021.3.9f1c1\Editor\Unity.exe
-adb2
-batchMode
-noUpm
-name
AssetImportWorker0
-projectPath
D:/code/untity/2D Beginner Tutorial
-logFile
Logs/AssetImportWorker0.log
-srvPort
50108
Successfully changed project path to: D:/code/untity/2D Beginner Tutorial
D:/code/untity/2D Beginner Tutorial
[UnityMemory] Configuration Parameters - Can be set up in boot.config
    "memorysetup-bucket-allocator-granularity=16"
    "memorysetup-bucket-allocator-bucket-count=8"
    "memorysetup-bucket-allocator-block-size=33554432"
    "memorysetup-bucket-allocator-block-count=8"
    "memorysetup-main-allocator-block-size=16777216"
    "memorysetup-thread-allocator-block-size=16777216"
    "memorysetup-gfx-main-allocator-block-size=16777216"
    "memorysetup-gfx-thread-allocator-block-size=16777216"
    "memorysetup-cache-allocator-block-size=4194304"
    "memorysetup-typetree-allocator-block-size=2097152"
    "memorysetup-profiler-bucket-allocator-granularity=16"
    "memorysetup-profiler-bucket-allocator-bucket-count=8"
    "memorysetup-profiler-bucket-allocator-block-size=33554432"
    "memorysetup-profiler-bucket-allocator-block-count=8"
    "memorysetup-profiler-allocator-block-size=16777216"
    "memorysetup-profiler-editor-allocator-block-size=1048576"
    "memorysetup-temp-allocator-size-main=16777216"
    "memorysetup-job-temp-allocator-block-size=2097152"
    "memorysetup-job-temp-allocator-block-size-background=1048576"
    "memorysetup-job-temp-allocator-reduction-small-platforms=262144"
    "memorysetup-temp-allocator-size-background-worker=32768"
    "memorysetup-temp-allocator-size-job-worker=262144"
    "memorysetup-temp-allocator-size-preload-manager=33554432"
    "memorysetup-temp-allocator-size-nav-mesh-worker=65536"
    "memorysetup-temp-allocator-size-audio-worker=65536"
    "memorysetup-temp-allocator-size-cloud-worker=32768"
    "memorysetup-temp-allocator-size-gi-baking-worker=262144"
    "memorysetup-temp-allocator-size-gfx=262144"
AS: AutoStreaming module initializing.
Refreshing native plugins compatible for Editor in 80.74 ms, found 3 plugins.
Preloading 0 native plugins for Editor in 0.00 ms.
Initialize engine version: 2021.3.9f1c1 (0fa35b602de1)
[Subsystems] Discovering subsystems at path F:/Unity 2022/2021.3.9f1c1/Editor/Data/Resources/UnitySubsystems
[Subsystems] Discovering subsystems at path D:/code/untity/2D Beginner Tutorial/Assets
GfxDevice: creating device client; threaded=0; jobified=0
Direct3D:
    Version:  Direct3D 11.0 [level 11.1]
    Renderer: NVIDIA GeForce RTX 3070 (ID=0x2484)
    Vendor:   NVIDIA
    VRAM:     8043 MB
    Driver:   31.0.15.1659
Initialize mono
Mono path[0] = 'F:/Unity 2022/2021.3.9f1c1/Editor/Data/Managed'
Mono path[1] = 'F:/Unity 2022/2021.3.9f1c1/Editor/Data/MonoBleedingEdge/lib/mono/unityjit-win32'
Mono config path = 'F:/Unity 2022/2021.3.9f1c1/Editor/Data/MonoBleedingEdge/etc'
Using monoOptions --debugger-agent=transport=dt_socket,embedding=1,server=y,suspend=n,address=127.0.0.1:56716
Begin MonoManager ReloadAssembly
Registering precompiled unity dll's ...
Register platform support module: F:/Unity 2022/2021.3.9f1c1/Editor/Data/PlaybackEngines/WindowsStandaloneSupport/UnityEditor.WindowsStandalone.Extensions.dll
Registered in 0.001791 seconds.
Native extension for WindowsStandalone target not found
Refreshing native plugins compatible for Editor in 87.13 ms, found 3 plugins.
Preloading 0 native plugins for Editor in 0.00 ms.
Mono: successfully reloaded assembly
- Completed reload, in  0.512 seconds
Domain Reload Profiling:
	ReloadAssembly (513ms)
		BeginReloadAssembly (53ms)
			ExecutionOrderSort (0ms)
			DisableScriptedObjects (0ms)
			BackupInstance (0ms)
			ReleaseScriptingObjects (0ms)
			CreateAndSetChildDomain (1ms)
		EndReloadAssembly (373ms)
			LoadAssemblies (51ms)
			RebuildTransferFunctionScriptingTraits (0ms)
			SetupTypeCache (84ms)
			ReleaseScriptCaches (0ms)
			RebuildScriptCaches (22ms)
			SetupLoadedEditorAssemblies (227ms)
				LogAssemblyErrors (0ms)
				InitializePlatformSupportModulesInManaged (5ms)
				SetLoadedEditorAssemblies (0ms)
				RefreshPlugins (87ms)
				BeforeProcessingInitializeOnLoad (1ms)
				ProcessInitializeOnLoadAttributes (96ms)
				ProcessInitializeOnLoadMethodAttributes (36ms)
				AfterProcessingInitializeOnLoad (0ms)
				EditorAssembliesLoaded (0ms)
			ExecutionOrderSort2 (0ms)
			AwakeInstancesAfterBackupRestoration (0ms)
Platform modules already initialized, skipping
Registering precompiled user dll's ...
Registered in 0.006334 seconds.
Begin MonoManager ReloadAssembly
Symbol file LoadedFromMemory doesn't match image D:\code\untity\2D Beginner Tutorial\Library\PackageCache\com.unity.visualscripting@1.7.8\Editor\VisualScripting.Core\Dependencies\YamlDotNet\Unity.VisualScripting.YamlDotNet.dll
Symbol file LoadedFromMemory doesn't match image D:\code\untity\2D Beginner Tutorial\Library\PackageCache\com.unity.visualscripting@1.7.8\Editor\VisualScripting.Core\Dependencies\DotNetZip\Unity.VisualScripting.IonicZip.dll
Native extension for WindowsStandalone target not found
Refreshing native plugins compatible for Editor in 0.58 ms, found 3 plugins.
Preloading 0 native plugins for Editor in 0.00 ms.
Mono: successfully reloaded assembly
- Completed reload, in  0.819 seconds
Domain Reload Profiling:
	ReloadAssembly (820ms)
		BeginReloadAssembly (83ms)
			ExecutionOrderSort (0ms)
			DisableScriptedObjects (5ms)
			BackupInstance (0ms)
			ReleaseScriptingObjects (0ms)
			CreateAndSetChildDomain (15ms)
		EndReloadAssembly (640ms)
			LoadAssemblies (58ms)
			RebuildTransferFunctionScriptingTraits (0ms)
			SetupTypeCache (207ms)
			ReleaseScriptCaches (1ms)
			RebuildScriptCaches (43ms)
			SetupLoadedEditorAssemblies (296ms)
				LogAssemblyErrors (0ms)
				InitializePlatformSupportModulesInManaged (3ms)
				SetLoadedEditorAssemblies (0ms)
				RefreshPlugins (1ms)
				BeforeProcessingInitializeOnLoad (80ms)
				ProcessInitializeOnLoadAttributes (178ms)
				ProcessInitializeOnLoadMethodAttributes (30ms)
				AfterProcessingInitializeOnLoad (5ms)
				EditorAssembliesLoaded (0ms)
			ExecutionOrderSort2 (0ms)
			AwakeInstancesAfterBackupRestoration (5ms)
Platform modules already initialized, skipping
========================================================================
Worker process is ready to serve import requests
Launched and connected shader compiler UnityShaderCompiler.exe after 0.04 seconds
Refreshing native plugins compatible for Editor in 0.48 ms, found 3 plugins.
Preloading 0 native plugins for Editor in 0.00 ms.
Unloading 3499 Unused Serialized files (Serialized files now loaded: 0)
Unloading 31 unused Assets / (111.3 KB). Loaded Objects now: 3961.
Memory consumption went from 124.4 MB to 124.3 MB.
Total: 3.101700 ms (FindLiveObjects: 0.299900 ms CreateObjectMapping: 0.089800 ms MarkObjects: 2.622900 ms  DeleteObjects: 0.087900 ms)

AssetImportParameters requested are different than current active one (requested -> active):
  custom:video-decoder-ogg-theora: a1e56fd34408186e4bbccfd4996cb3dc -> 
  custom:container-muxer-webm: aa71ff27fc2769a1b78a27578f13a17b -> 
  custom:container-demuxer-webm: 4f35f7cbe854078d1ac9338744f61a02 -> 
  custom:video-encoder-webm-vp8: eb34c28f22e8b96e1ab97ce403110664 -> 
  custom:audio-encoder-webm-vorbis: bf7c407c2cedff20999df2af8eb42d56 -> 
  custom:framework-win-MediaFoundation: 216162199b28c13a410421893ffa2e32 -> 
  custom:container-demuxer-ogg: 62fdf1f143b41e24485cea50d1cbac27 -> 
  custom:video-decoder-webm-vp8: 9c59270c3fd7afecdb556c50c9e8de78 -> 
  custom:audio-decoder-ogg-vorbis: bf7c407c2cedff20999df2af8eb42d56 -> 
========================================================================
Received Import Request.
  Time since last request: 53214.423050 seconds.
  path: Assets/Animations/Rube/New Animator Controller.controller
  artifactKey: Guid(2a7463402b5c7a64d8e9394a0bcfdafb) Importer(815301076,1909f56bfc062723c751e8b465ee728b)
Start importing Assets/Animations/Rube/New Animator Controller.controller using Guid(2a7463402b5c7a64d8e9394a0bcfdafb) Importer(815301076,1909f56bfc062723c751e8b465ee728b)  -> (artifact id: 'c3aad6630f4b9cba3b3e2797c27eda91') in 0.031483 seconds 
========================================================================
Received Import Request.
  Time since last request: 14.251723 seconds.
  path: Assets/Animations/Rube/Rube.anim
  artifactKey: Guid(51a1c366baaad014d8f3c2abab0a3ab0) Importer(815301076,1909f56bfc062723c751e8b465ee728b)
Start importing Assets/Animations/Rube/Rube.anim using Guid(51a1c366baaad014d8f3c2abab0a3ab0) Importer(815301076,1909f56bfc062723c751e8b465ee728b)  -> (artifact id: '6e2f1148ec499714ba23f72365f80f95') in 0.003868 seconds 
========================================================================
Received Import Request.
  Time since last request: 240.920300 seconds.
  path: Assets/Animations/Ruby/Rube.anim
  artifactKey: Guid(51a1c366baaad014d8f3c2abab0a3ab0) Importer(815301076,1909f56bfc062723c751e8b465ee728b)
Start importing Assets/Animations/Ruby/Rube.anim using Guid(51a1c366baaad014d8f3c2abab0a3ab0) Importer(815301076,1909f56bfc062723c751e8b465ee728b)  -> (artifact id: '7600eb0fa4d8b4001251f0b241cf5edf') in 0.001915 seconds 
========================================================================
Received Import Request.
  Time since last request: 2.700888 seconds.
  path: Assets/Animations/Ruby/Rube.controller
  artifactKey: Guid(adaa44e858d3e2040994e470fc066031) Importer(815301076,1909f56bfc062723c751e8b465ee728b)
Start importing Assets/Animations/Ruby/Rube.controller using Guid(adaa44e858d3e2040994e470fc066031) Importer(815301076,1909f56bfc062723c751e8b465ee728b)  -> (artifact id: '7083f7d17ea49d08681cff3f813663d5') in 0.001784 seconds 
========================================================================
Received Import Request.
  Time since last request: 7.359587 seconds.
  path: Assets/Animations/Ruby/Ruby.controller
  artifactKey: Guid(adaa44e858d3e2040994e470fc066031) Importer(815301076,1909f56bfc062723c751e8b465ee728b)
Start importing Assets/Animations/Ruby/Ruby.controller using Guid(adaa44e858d3e2040994e470fc066031) Importer(815301076,1909f56bfc062723c751e8b465ee728b)  -> (artifact id: '8efc7d200c57a4b08582544e05b72a35') in 0.002649 seconds 
========================================================================
Received Import Request.
  Time since last request: 1.295279 seconds.
  path: Assets/Animations/Ruby/RubeRunUp.anim
  artifactKey: Guid(5e2f72f0528fd664c8bfa923da4c38a8) Importer(815301076,1909f56bfc062723c751e8b465ee728b)
Start importing Assets/Animations/Ruby/RubeRunUp.anim using Guid(5e2f72f0528fd664c8bfa923da4c38a8) Importer(815301076,1909f56bfc062723c751e8b465ee728b)  -> (artifact id: '3aec4065328cc00ad5fede137db94c2f') in 0.002029 seconds 
========================================================================
Received Import Request.
  Time since last request: 4.340648 seconds.
  path: Assets/Animations/Ruby/RubyRunUp.anim
  artifactKey: Guid(5e2f72f0528fd664c8bfa923da4c38a8) Importer(815301076,1909f56bfc062723c751e8b465ee728b)
Start importing Assets/Animations/Ruby/RubyRunUp.anim using Guid(5e2f72f0528fd664c8bfa923da4c38a8) Importer(815301076,1909f56bfc062723c751e8b465ee728b)  -> (artifact id: '1586be48199d69aa5d4239a58e41cd82') in 0.001976 seconds 
========================================================================
Received Import Request.
  Time since last request: 89.460230 seconds.
  path: Assets/Animations/Ruby
  artifactKey: Guid(3945e8323b11ac242869de459b70945c) Importer(815301076,1909f56bfc062723c751e8b465ee728b)
Start importing Assets/Animations/Ruby using Guid(3945e8323b11ac242869de459b70945c) Importer(815301076,1909f56bfc062723c751e8b465ee728b)  -> (artifact id: 'ad88c49e792403119eb6bfbcd5791fff') in 0.001307 seconds 
========================================================================
Received Import Request.
  Time since last request: 10.881002 seconds.
  path: Assets/Prefabs/Rube.prefab
  artifactKey: Guid(21ca3b53eaefca548ab3926b1c4b028b) Importer(815301076,1909f56bfc062723c751e8b465ee728b)
Start importing Assets/Prefabs/Rube.prefab using Guid(21ca3b53eaefca548ab3926b1c4b028b) Importer(815301076,1909f56bfc062723c751e8b465ee728b)  -> (artifact id: '2cc78f46419e1e57df199994beacf91f') in 0.065226 seconds 
========================================================================
Received Import Request.
  Time since last request: 125.102242 seconds.
  path: Assets/Art/Sprites/Ruby.png
  artifactKey: Guid(d2702e42e2c8f474fa7b773a85583058) Importer(815301076,1909f56bfc062723c751e8b465ee728b)
Start importing Assets/Art/Sprites/Ruby.png using Guid(d2702e42e2c8f474fa7b773a85583058) Importer(815301076,1909f56bfc062723c751e8b465ee728b)  -> (artifact id: 'd1ced20b545456d5d58918bcc17e2c54') in 0.066538 seconds 
========================================================================
Received Import Request.
  Time since last request: 16.744378 seconds.
  path: Assets/Prefabs/Rube.prefab
  artifactKey: Guid(21ca3b53eaefca548ab3926b1c4b028b) Importer(815301076,1909f56bfc062723c751e8b465ee728b)
Start importing Assets/Prefabs/Rube.prefab using Guid(21ca3b53eaefca548ab3926b1c4b028b) Importer(815301076,1909f56bfc062723c751e8b465ee728b)  -> (artifact id: '1d36f474fed572ea875032e967b9f3bd') in 0.007042 seconds 
========================================================================
Received Import Request.
  Time since last request: 2.549395 seconds.
  path: Assets/Prefabs/Ruby.prefab
  artifactKey: Guid(21ca3b53eaefca548ab3926b1c4b028b) Importer(815301076,1909f56bfc062723c751e8b465ee728b)
Start importing Assets/Prefabs/Ruby.prefab using Guid(21ca3b53eaefca548ab3926b1c4b028b) Importer(815301076,1909f56bfc062723c751e8b465ee728b)  -> (artifact id: 'aee45709067d3429c6b48dd34b0e9f0d') in 0.007721 seconds 
========================================================================
Received Prepare
Registering precompiled user dll's ...
Registered in 0.006098 seconds.
Begin MonoManager ReloadAssembly
Symbol file LoadedFromMemory doesn't match image D:\code\untity\2D Beginner Tutorial\Library\PackageCache\com.unity.visualscripting@1.7.8\Editor\VisualScripting.Core\Dependencies\YamlDotNet\Unity.VisualScripting.YamlDotNet.dll
Symbol file LoadedFromMemory doesn't match image D:\code\untity\2D Beginner Tutorial\Library\PackageCache\com.unity.visualscripting@1.7.8\Editor\VisualScripting.Core\Dependencies\DotNetZip\Unity.VisualScripting.IonicZip.dll
Native extension for WindowsStandalone target not found
Refreshing native plugins compatible for Editor in 0.68 ms, found 3 plugins.
Preloading 0 native plugins for Editor in 0.00 ms.
Mono: successfully reloaded assembly
- Completed reload, in  0.869 seconds
Domain Reload Profiling:
	ReloadAssembly (870ms)
		BeginReloadAssembly (112ms)
			ExecutionOrderSort (0ms)
			DisableScriptedObjects (5ms)
			BackupInstance (0ms)
			ReleaseScriptingObjects (0ms)
			CreateAndSetChildDomain (31ms)
		EndReloadAssembly (669ms)
			LoadAssemblies (63ms)
			RebuildTransferFunctionScriptingTraits (0ms)
			SetupTypeCache (234ms)
			ReleaseScriptCaches (1ms)
			RebuildScriptCaches (38ms)
			SetupLoadedEditorAssemblies (283ms)
				LogAssemblyErrors (0ms)
				InitializePlatformSupportModulesInManaged (10ms)
				SetLoadedEditorAssemblies (0ms)
				RefreshPlugins (1ms)
				BeforeProcessingInitializeOnLoad (60ms)
				ProcessInitializeOnLoadAttributes (175ms)
				ProcessInitializeOnLoadMethodAttributes (32ms)
				AfterProcessingInitializeOnLoad (5ms)
				EditorAssembliesLoaded (0ms)
			ExecutionOrderSort2 (0ms)
			AwakeInstancesAfterBackupRestoration (6ms)
Platform modules already initialized, skipping
Refreshing native plugins compatible for Editor in 1.86 ms, found 3 plugins.
Preloading 0 native plugins for Editor in 0.00 ms.
Unloading 3494 Unused Serialized files (Serialized files now loaded: 0)
Unloading 20 unused Assets / (78.4 KB). Loaded Objects now: 3973.
Memory consumption went from 128.7 MB to 128.6 MB.
Total: 2.841000 ms (FindLiveObjects: 0.300300 ms CreateObjectMapping: 0.072700 ms MarkObjects: 2.376300 ms  DeleteObjects: 0.090500 ms)

AssetImportParameters requested are different than current active one (requested -> active):
  custom:video-decoder-ogg-theora: a1e56fd34408186e4bbccfd4996cb3dc -> 
  custom:container-muxer-webm: aa71ff27fc2769a1b78a27578f13a17b -> 
  custom:container-demuxer-webm: 4f35f7cbe854078d1ac9338744f61a02 -> 
  custom:video-encoder-webm-vp8: eb34c28f22e8b96e1ab97ce403110664 -> 
  custom:audio-encoder-webm-vorbis: bf7c407c2cedff20999df2af8eb42d56 -> 
  custom:framework-win-MediaFoundation: 216162199b28c13a410421893ffa2e32 -> 
  custom:container-demuxer-ogg: 62fdf1f143b41e24485cea50d1cbac27 -> 
  custom:video-decoder-webm-vp8: 9c59270c3fd7afecdb556c50c9e8de78 -> 
  custom:audio-decoder-ogg-vorbis: bf7c407c2cedff20999df2af8eb42d56 -> 
========================================================================
Received Import Request.
  Time since last request: 66.420958 seconds.
  path: Assets/Animations/Ruby.anim
  artifactKey: Guid(26ab0d82b7cb7c34a8a7ae430f1fd94a) Importer(815301076,1909f56bfc062723c751e8b465ee728b)
Start importing Assets/Animations/Ruby.anim using Guid(26ab0d82b7cb7c34a8a7ae430f1fd94a) Importer(815301076,1909f56bfc062723c751e8b465ee728b)  -> (artifact id: '88a98dcec9035acf28f48e8c7871e8a0') in 0.013689 seconds 
========================================================================
Received Import Request.
  Time since last request: 58.086994 seconds.
  path: Assets/Animations/Ruby/RubyRunUp.anim
  artifactKey: Guid(5e2f72f0528fd664c8bfa923da4c38a8) Importer(815301076,1909f56bfc062723c751e8b465ee728b)
Start importing Assets/Animations/Ruby/RubyRunUp.anim using Guid(5e2f72f0528fd664c8bfa923da4c38a8) Importer(815301076,1909f56bfc062723c751e8b465ee728b)  -> (artifact id: 'c71b0b0cff2baf5fa50855dc3be33476') in 0.001934 seconds 
